C:\Users\Jon\Documents\GitHub\Waves\Builds\Windows\Waves\Debug\Waves.pdb
C:\USERS\JON\DOCUMENTS\GITHUB\WAVES\BUILDS\WINDOWS\WAVES\WAVES\DEBUG\ADDBUTTON.OBJ
C:\USERS\JON\DOCUMENTS\GITHUB\WAVES\BUILDS\WINDOWS\WAVES\WAVES\DEBUG\ADDTOGGLEBUTTON.OBJ
C:\USERS\JON\DOCUMENTS\GITHUB\WAVES\BUILDS\WINDOWS\WAVES\WAVES\DEBUG\ANDREWTEST.OBJ
C:\USERS\JON\DOCUMENTS\GITHUB\WAVES\BUILDS\WINDOWS\WAVES\WAVES\DEBUG\BACKGROUNDIMG.OBJ
C:\USERS\JON\DOCUMENTS\GITHUB\WAVES\BUILDS\WINDOWS\WAVES\WAVES\DEBUG\BLUEGRADIENT.OBJ
C:\USERS\JON\DOCUMENTS\GITHUB\WAVES\BUILDS\WINDOWS\WAVES\WAVES\DEBUG\BPMCONTROL.OBJ
C:\USERS\JON\DOCUMENTS\GITHUB\WAVES\BUILDS\WINDOWS\WAVES\WAVES\DEBUG\BUTTON.OBJ
C:\USERS\JON\DOCUMENTS\GITHUB\WAVES\BUILDS\WINDOWS\WAVES\WAVES\DEBUG\CANVAS.OBJ
C:\Users\Jon\Documents\GitHub\Waves\Builds\Windows\Waves\Waves\Debug\cl.command.1.tlog
C:\Users\Jon\Documents\GitHub\Waves\Builds\Windows\Waves\Waves\Debug\CL.read.1.tlog
C:\Users\Jon\Documents\GitHub\Waves\Builds\Windows\Waves\Waves\Debug\CL.write.1.tlog
C:\USERS\JON\DOCUMENTS\GITHUB\WAVES\BUILDS\WINDOWS\WAVES\WAVES\DEBUG\COLOUR3F.OBJ
C:\USERS\JON\DOCUMENTS\GITHUB\WAVES\BUILDS\WINDOWS\WAVES\WAVES\DEBUG\COLOUR4F.OBJ
C:\USERS\JON\DOCUMENTS\GITHUB\WAVES\BUILDS\WINDOWS\WAVES\WAVES\DEBUG\COLOURCONVERTOR.OBJ
C:\USERS\JON\DOCUMENTS\GITHUB\WAVES\BUILDS\WINDOWS\WAVES\WAVES\DEBUG\CONTROLPOINT.OBJ
C:\USERS\JON\DOCUMENTS\GITHUB\WAVES\BUILDS\WINDOWS\WAVES\WAVES\DEBUG\CROSSPLATFORMTIME.OBJ
C:\USERS\JON\DOCUMENTS\GITHUB\WAVES\BUILDS\WINDOWS\WAVES\WAVES\DEBUG\CUEBUTTON.OBJ
C:\USERS\JON\DOCUMENTS\GITHUB\WAVES\BUILDS\WINDOWS\WAVES\WAVES\DEBUG\CURVES.OBJ
C:\USERS\JON\DOCUMENTS\GITHUB\WAVES\BUILDS\WINDOWS\WAVES\WAVES\DEBUG\DEBUGTIMER.OBJ
C:\USERS\JON\DOCUMENTS\GITHUB\WAVES\BUILDS\WINDOWS\WAVES\WAVES\DEBUG\DRAGBUTTON.OBJ
C:\USERS\JON\DOCUMENTS\GITHUB\WAVES\BUILDS\WINDOWS\WAVES\WAVES\DEBUG\DRAGHANDLE.OBJ
C:\USERS\JON\DOCUMENTS\GITHUB\WAVES\BUILDS\WINDOWS\WAVES\WAVES\DEBUG\EVENTSOURCE.OBJ
C:\USERS\JON\DOCUMENTS\GITHUB\WAVES\BUILDS\WINDOWS\WAVES\WAVES\DEBUG\EXITBUTTON.OBJ
C:\USERS\JON\DOCUMENTS\GITHUB\WAVES\BUILDS\WINDOWS\WAVES\WAVES\DEBUG\EXTERNALVISUAL.OBJ
C:\USERS\JON\DOCUMENTS\GITHUB\WAVES\BUILDS\WINDOWS\WAVES\WAVES\DEBUG\EXTERNALVISUALSCROLLMENU.OBJ
C:\USERS\JON\DOCUMENTS\GITHUB\WAVES\BUILDS\WINDOWS\WAVES\WAVES\DEBUG\FFTBUTTON.OBJ
C:\USERS\JON\DOCUMENTS\GITHUB\WAVES\BUILDS\WINDOWS\WAVES\WAVES\DEBUG\FFTSPLINECONTROL.OBJ
C:\USERS\JON\DOCUMENTS\GITHUB\WAVES\BUILDS\WINDOWS\WAVES\WAVES\DEBUG\FILEACCESS.OBJ
C:\USERS\JON\DOCUMENTS\GITHUB\WAVES\BUILDS\WINDOWS\WAVES\WAVES\DEBUG\FINGER.OBJ
C:\USERS\JON\DOCUMENTS\GITHUB\WAVES\BUILDS\WINDOWS\WAVES\WAVES\DEBUG\FINGEREVENTARGS.OBJ
C:\USERS\JON\DOCUMENTS\GITHUB\WAVES\BUILDS\WINDOWS\WAVES\WAVES\DEBUG\FINGERHELDCURSOR.OBJ
C:\USERS\JON\DOCUMENTS\GITHUB\WAVES\BUILDS\WINDOWS\WAVES\WAVES\DEBUG\FPSMONITOR.OBJ
C:\USERS\JON\DOCUMENTS\GITHUB\WAVES\BUILDS\WINDOWS\WAVES\WAVES\DEBUG\GESTURERECOGNISER.OBJ
C:\USERS\JON\DOCUMENTS\GITHUB\WAVES\BUILDS\WINDOWS\WAVES\WAVES\DEBUG\GLCONTEXT.OBJ
C:\USERS\JON\DOCUMENTS\GITHUB\WAVES\BUILDS\WINDOWS\WAVES\WAVES\DEBUG\GLFONTMANAGER.OBJ
C:\USERS\JON\DOCUMENTS\GITHUB\WAVES\BUILDS\WINDOWS\WAVES\WAVES\DEBUG\GLFONTRENDERER.OBJ
C:\USERS\JON\DOCUMENTS\GITHUB\WAVES\BUILDS\WINDOWS\WAVES\WAVES\DEBUG\GLMATRIXF.OBJ
C:\USERS\JON\DOCUMENTS\GITHUB\WAVES\BUILDS\WINDOWS\WAVES\WAVES\DEBUG\GLTEXTURE.OBJ
C:\USERS\JON\DOCUMENTS\GITHUB\WAVES\BUILDS\WINDOWS\WAVES\WAVES\DEBUG\GLUTILS.OBJ
C:\USERS\JON\DOCUMENTS\GITHUB\WAVES\BUILDS\WINDOWS\WAVES\WAVES\DEBUG\GREENGLOW.OBJ
C:\USERS\JON\DOCUMENTS\GITHUB\WAVES\BUILDS\WINDOWS\WAVES\WAVES\DEBUG\GRIDSCROLLMENU.OBJ
C:\USERS\JON\DOCUMENTS\GITHUB\WAVES\BUILDS\WINDOWS\WAVES\WAVES\DEBUG\GRIDSCROLLMENUITEM.OBJ
C:\USERS\JON\DOCUMENTS\GITHUB\WAVES\BUILDS\WINDOWS\WAVES\WAVES\DEBUG\INTERFACEELEMENT.OBJ
C:\USERS\JON\DOCUMENTS\GITHUB\WAVES\BUILDS\WINDOWS\WAVES\WAVES\DEBUG\INTERFACEMANAGER.OBJ
C:\USERS\JON\DOCUMENTS\GITHUB\WAVES\BUILDS\WINDOWS\WAVES\WAVES\DEBUG\INTERPOLATOR.OBJ
C:\USERS\JON\DOCUMENTS\GITHUB\WAVES\BUILDS\WINDOWS\WAVES\WAVES\DEBUG\IPENDPOINTNAME.OBJ
C:\USERS\JON\DOCUMENTS\GITHUB\WAVES\BUILDS\WINDOWS\WAVES\WAVES\DEBUG\KISS_FFT.OBJ
C:\USERS\JON\DOCUMENTS\GITHUB\WAVES\BUILDS\WINDOWS\WAVES\WAVES\DEBUG\KISS_FFTR.OBJ
C:\Users\Jon\Documents\GitHub\Waves\Builds\Windows\Waves\Waves\Debug\link.command.1.tlog
C:\Users\Jon\Documents\GitHub\Waves\Builds\Windows\Waves\Waves\Debug\link.read.1.tlog
C:\Users\Jon\Documents\GitHub\Waves\Builds\Windows\Waves\Waves\Debug\link.write.1.tlog
C:\USERS\JON\DOCUMENTS\GITHUB\WAVES\BUILDS\WINDOWS\WAVES\WAVES\DEBUG\LIST.OBJ
C:\USERS\JON\DOCUMENTS\GITHUB\WAVES\BUILDS\WINDOWS\WAVES\WAVES\DEBUG\LIVEFFT.OBJ
C:\USERS\JON\DOCUMENTS\GITHUB\WAVES\BUILDS\WINDOWS\WAVES\WAVES\DEBUG\LOADBUTTON.OBJ
C:\USERS\JON\DOCUMENTS\GITHUB\WAVES\BUILDS\WINDOWS\WAVES\WAVES\DEBUG\LOADGRIDSCROLLMENU.OBJ
C:\USERS\JON\DOCUMENTS\GITHUB\WAVES\BUILDS\WINDOWS\WAVES\WAVES\DEBUG\LOADGRIDSCROLLMENUITEM.OBJ
C:\USERS\JON\DOCUMENTS\GITHUB\WAVES\BUILDS\WINDOWS\WAVES\WAVES\DEBUG\LOADIMAGE.OBJ
C:\USERS\JON\DOCUMENTS\GITHUB\WAVES\BUILDS\WINDOWS\WAVES\WAVES\DEBUG\MAIN.OBJ
C:\USERS\JON\DOCUMENTS\GITHUB\WAVES\BUILDS\WINDOWS\WAVES\WAVES\DEBUG\MAINCONTROLPANEL.OBJ
C:\USERS\JON\DOCUMENTS\GITHUB\WAVES\BUILDS\WINDOWS\WAVES\WAVES\DEBUG\MATRIXF.OBJ
C:\USERS\JON\DOCUMENTS\GITHUB\WAVES\BUILDS\WINDOWS\WAVES\WAVES\DEBUG\MODEL.OBJ
C:\USERS\JON\DOCUMENTS\GITHUB\WAVES\BUILDS\WINDOWS\WAVES\WAVES\DEBUG\MOTIONPATH.OBJ
C:\USERS\JON\DOCUMENTS\GITHUB\WAVES\BUILDS\WINDOWS\WAVES\WAVES\DEBUG\MULTITOUCHEVENTHANDLER.OBJ
C:\USERS\JON\DOCUMENTS\GITHUB\WAVES\BUILDS\WINDOWS\WAVES\WAVES\DEBUG\MULTITOUCHEVENTMANAGER.OBJ
C:\USERS\JON\DOCUMENTS\GITHUB\WAVES\BUILDS\WINDOWS\WAVES\WAVES\DEBUG\NETWORKINGUTILS.OBJ
C:\USERS\JON\DOCUMENTS\GITHUB\WAVES\BUILDS\WINDOWS\WAVES\WAVES\DEBUG\NEWGRIDSCROLLMENU.OBJ
C:\USERS\JON\DOCUMENTS\GITHUB\WAVES\BUILDS\WINDOWS\WAVES\WAVES\DEBUG\OBJ_PARSER.OBJ
C:\USERS\JON\DOCUMENTS\GITHUB\WAVES\BUILDS\WINDOWS\WAVES\WAVES\DEBUG\OBJLOADER.OBJ
C:\USERS\JON\DOCUMENTS\GITHUB\WAVES\BUILDS\WINDOWS\WAVES\WAVES\DEBUG\OFXFFT.OBJ
C:\USERS\JON\DOCUMENTS\GITHUB\WAVES\BUILDS\WINDOWS\WAVES\WAVES\DEBUG\OFXFFTBASIC.OBJ
C:\USERS\JON\DOCUMENTS\GITHUB\WAVES\BUILDS\WINDOWS\WAVES\WAVES\DEBUG\OFXFFTW.OBJ
C:\USERS\JON\DOCUMENTS\GITHUB\WAVES\BUILDS\WINDOWS\WAVES\WAVES\DEBUG\OSCOUTBOUNDPACKETSTREAM.OBJ
C:\USERS\JON\DOCUMENTS\GITHUB\WAVES\BUILDS\WINDOWS\WAVES\WAVES\DEBUG\OSCPRINTRECEIVEDELEMENTS.OBJ
C:\USERS\JON\DOCUMENTS\GITHUB\WAVES\BUILDS\WINDOWS\WAVES\WAVES\DEBUG\OSCRECEIVEDELEMENTS.OBJ
C:\USERS\JON\DOCUMENTS\GITHUB\WAVES\BUILDS\WINDOWS\WAVES\WAVES\DEBUG\OSCRECIEVER.OBJ
C:\USERS\JON\DOCUMENTS\GITHUB\WAVES\BUILDS\WINDOWS\WAVES\WAVES\DEBUG\OSCSENDER.OBJ
C:\USERS\JON\DOCUMENTS\GITHUB\WAVES\BUILDS\WINDOWS\WAVES\WAVES\DEBUG\OSCTYPES.OBJ
C:\USERS\JON\DOCUMENTS\GITHUB\WAVES\BUILDS\WINDOWS\WAVES\WAVES\DEBUG\PARAMETER.OBJ
C:\USERS\JON\DOCUMENTS\GITHUB\WAVES\BUILDS\WINDOWS\WAVES\WAVES\DEBUG\PARTICLE.OBJ
C:\USERS\JON\DOCUMENTS\GITHUB\WAVES\BUILDS\WINDOWS\WAVES\WAVES\DEBUG\PARTICLESYSTEMVISUAL.OBJ
C:\USERS\JON\DOCUMENTS\GITHUB\WAVES\BUILDS\WINDOWS\WAVES\WAVES\DEBUG\PLAYHEAD.OBJ
C:\USERS\JON\DOCUMENTS\GITHUB\WAVES\BUILDS\WINDOWS\WAVES\WAVES\DEBUG\POINT2F.OBJ
C:\USERS\JON\DOCUMENTS\GITHUB\WAVES\BUILDS\WINDOWS\WAVES\WAVES\DEBUG\POINT3F.OBJ
C:\USERS\JON\DOCUMENTS\GITHUB\WAVES\BUILDS\WINDOWS\WAVES\WAVES\DEBUG\POPUPMENU.OBJ
C:\USERS\JON\DOCUMENTS\GITHUB\WAVES\BUILDS\WINDOWS\WAVES\WAVES\DEBUG\POPUPMENUITEM.OBJ
C:\USERS\JON\DOCUMENTS\GITHUB\WAVES\BUILDS\WINDOWS\WAVES\WAVES\DEBUG\PRESETMENU.OBJ
C:\USERS\JON\DOCUMENTS\GITHUB\WAVES\BUILDS\WINDOWS\WAVES\WAVES\DEBUG\PREVIEWMONITOR.OBJ
C:\USERS\JON\DOCUMENTS\GITHUB\WAVES\BUILDS\WINDOWS\WAVES\WAVES\DEBUG\PURPLEGRADIENT.OBJ
C:\USERS\JON\DOCUMENTS\GITHUB\WAVES\BUILDS\WINDOWS\WAVES\WAVES\DEBUG\RADARCOLUMN.OBJ
C:\USERS\JON\DOCUMENTS\GITHUB\WAVES\BUILDS\WINDOWS\WAVES\WAVES\DEBUG\RADARELEMENT.OBJ
C:\USERS\JON\DOCUMENTS\GITHUB\WAVES\BUILDS\WINDOWS\WAVES\WAVES\DEBUG\RADARHEAD.OBJ
C:\USERS\JON\DOCUMENTS\GITHUB\WAVES\BUILDS\WINDOWS\WAVES\WAVES\DEBUG\RADARSEGMENT.OBJ
C:\USERS\JON\DOCUMENTS\GITHUB\WAVES\BUILDS\WINDOWS\WAVES\WAVES\DEBUG\RADBUTTON.OBJ
C:\USERS\JON\DOCUMENTS\GITHUB\WAVES\BUILDS\WINDOWS\WAVES\WAVES\DEBUG\RADBUTTONGROUP.OBJ
C:\USERS\JON\DOCUMENTS\GITHUB\WAVES\BUILDS\WINDOWS\WAVES\WAVES\DEBUG\RECTANGLES.OBJ
C:\USERS\JON\DOCUMENTS\GITHUB\WAVES\BUILDS\WINDOWS\WAVES\WAVES\DEBUG\REDGLOW.OBJ
C:\USERS\JON\DOCUMENTS\GITHUB\WAVES\BUILDS\WINDOWS\WAVES\WAVES\DEBUG\RESETBUTTON.OBJ
C:\USERS\JON\DOCUMENTS\GITHUB\WAVES\BUILDS\WINDOWS\WAVES\WAVES\DEBUG\RTAUDIO.OBJ
C:\USERS\JON\DOCUMENTS\GITHUB\WAVES\BUILDS\WINDOWS\WAVES\WAVES\DEBUG\RUNNINGAVERAGE.OBJ
C:\USERS\JON\DOCUMENTS\GITHUB\WAVES\BUILDS\WINDOWS\WAVES\WAVES\DEBUG\SAVEBUTTON.OBJ
C:\USERS\JON\DOCUMENTS\GITHUB\WAVES\BUILDS\WINDOWS\WAVES\WAVES\DEBUG\SCROLLMENU.OBJ
C:\USERS\JON\DOCUMENTS\GITHUB\WAVES\BUILDS\WINDOWS\WAVES\WAVES\DEBUG\SINGLETON.OBJ
C:\USERS\JON\DOCUMENTS\GITHUB\WAVES\BUILDS\WINDOWS\WAVES\WAVES\DEBUG\SPLINEBUTTON.OBJ
C:\USERS\JON\DOCUMENTS\GITHUB\WAVES\BUILDS\WINDOWS\WAVES\WAVES\DEBUG\SPLINECONTROL.OBJ
C:\USERS\JON\DOCUMENTS\GITHUB\WAVES\BUILDS\WINDOWS\WAVES\WAVES\DEBUG\SPLINEPRESET.OBJ
C:\USERS\JON\DOCUMENTS\GITHUB\WAVES\BUILDS\WINDOWS\WAVES\WAVES\DEBUG\STARS.OBJ
C:\USERS\JON\DOCUMENTS\GITHUB\WAVES\BUILDS\WINDOWS\WAVES\WAVES\DEBUG\STRING_EXTRA.OBJ
C:\USERS\JON\DOCUMENTS\GITHUB\WAVES\BUILDS\WINDOWS\WAVES\WAVES\DEBUG\SUBTRACTBUTTON.OBJ
C:\USERS\JON\DOCUMENTS\GITHUB\WAVES\BUILDS\WINDOWS\WAVES\WAVES\DEBUG\TAPBPM.OBJ
C:\USERS\JON\DOCUMENTS\GITHUB\WAVES\BUILDS\WINDOWS\WAVES\WAVES\DEBUG\TAPBUTTON.OBJ
C:\USERS\JON\DOCUMENTS\GITHUB\WAVES\BUILDS\WINDOWS\WAVES\WAVES\DEBUG\TEMPORALSPLINECONTROL.OBJ
C:\USERS\JON\DOCUMENTS\GITHUB\WAVES\BUILDS\WINDOWS\WAVES\WAVES\DEBUG\TERRAIN.OBJ
C:\USERS\JON\DOCUMENTS\GITHUB\WAVES\BUILDS\WINDOWS\WAVES\WAVES\DEBUG\TEXTLABEL.OBJ
C:\USERS\JON\DOCUMENTS\GITHUB\WAVES\BUILDS\WINDOWS\WAVES\WAVES\DEBUG\TEXTSCROLLMENU.OBJ
C:\USERS\JON\DOCUMENTS\GITHUB\WAVES\BUILDS\WINDOWS\WAVES\WAVES\DEBUG\TOGGLEBUTTON.OBJ
C:\USERS\JON\DOCUMENTS\GITHUB\WAVES\BUILDS\WINDOWS\WAVES\WAVES\DEBUG\TRACK.OBJ
C:\USERS\JON\DOCUMENTS\GITHUB\WAVES\BUILDS\WINDOWS\WAVES\WAVES\DEBUG\TRACKMENU.OBJ
C:\USERS\JON\DOCUMENTS\GITHUB\WAVES\BUILDS\WINDOWS\WAVES\WAVES\DEBUG\TUIOCLIENT.OBJ
C:\USERS\JON\DOCUMENTS\GITHUB\WAVES\BUILDS\WINDOWS\WAVES\WAVES\DEBUG\TUIOEVENTSOURCE.OBJ
C:\USERS\JON\DOCUMENTS\GITHUB\WAVES\BUILDS\WINDOWS\WAVES\WAVES\DEBUG\TUIOSERVER.OBJ
C:\USERS\JON\DOCUMENTS\GITHUB\WAVES\BUILDS\WINDOWS\WAVES\WAVES\DEBUG\TUIOTIME.OBJ
C:\USERS\JON\DOCUMENTS\GITHUB\WAVES\BUILDS\WINDOWS\WAVES\WAVES\DEBUG\UDPSOCKET.OBJ
C:\Users\Jon\Documents\GitHub\Waves\Builds\Windows\Waves\Waves\Debug\vc100.idb
C:\USERS\JON\DOCUMENTS\GITHUB\WAVES\BUILDS\WINDOWS\WAVES\WAVES\DEBUG\VC100.PDB
C:\USERS\JON\DOCUMENTS\GITHUB\WAVES\BUILDS\WINDOWS\WAVES\WAVES\DEBUG\VECTOR2F.OBJ
C:\USERS\JON\DOCUMENTS\GITHUB\WAVES\BUILDS\WINDOWS\WAVES\WAVES\DEBUG\VECTOR3F.OBJ
C:\USERS\JON\DOCUMENTS\GITHUB\WAVES\BUILDS\WINDOWS\WAVES\WAVES\DEBUG\VISUAL.OBJ
C:\USERS\JON\DOCUMENTS\GITHUB\WAVES\BUILDS\WINDOWS\WAVES\WAVES\DEBUG\VISUALWAVESCONTROL.OBJ
C:\USERS\JON\DOCUMENTS\GITHUB\WAVES\BUILDS\WINDOWS\WAVES\WAVES\DEBUG\WAVEPRESET.OBJ
C:\Users\Jon\Documents\GitHub\Waves\Builds\Windows\Waves\Waves\Debug\Waves.exe.intermediate.manifest
C:\USERS\JON\DOCUMENTS\GITHUB\WAVES\BUILDS\WINDOWS\WAVES\WAVES\DEBUG\WAVESCONTROL.OBJ
C:\USERS\JON\DOCUMENTS\GITHUB\WAVES\BUILDS\WINDOWS\WAVES\WAVES\DEBUG\WAVESGLOBALSTATE.OBJ
C:\USERS\JON\DOCUMENTS\GITHUB\WAVES\BUILDS\WINDOWS\WAVES\WAVES\DEBUG\WGLSTUFF.OBJ
C:\USERS\JON\DOCUMENTS\GITHUB\WAVES\BUILDS\WINDOWS\WAVES\WAVES\DEBUG\WIN32UTILS.OBJ
C:\USERS\JON\DOCUMENTS\GITHUB\WAVES\BUILDS\WINDOWS\WAVES\WAVES\DEBUG\WMTOUCHEVENTSOURCE.OBJ
C:\USERS\JON\DOCUMENTS\GITHUB\WAVES\BUILDS\WINDOWS\WAVES\WAVES\DEBUG\XMLPARSER.OBJ
